<?xml version="1.0" encoding="UTF-8"?>
<testng-results skipped="0" failed="0" ignored="0" total="1" passed="1">
  <reporter-output>
  </reporter-output>
  <suite name="Default suite" duration-ms="19180" started-at="2020-12-21T19:23:04 IST" finished-at="2020-12-21T19:23:24 IST">
    <groups>
    </groups>
    <test name="Default test" duration-ms="19180" started-at="2020-12-21T19:23:04 IST" finished-at="2020-12-21T19:23:24 IST">
      <class name="com.AutomationFramework.testcases.demotest">
        <test-method status="PASS" signature="setup()[pri:0, instance:com.AutomationFramework.testcases.demotest@53f65459]" name="setup" is-config="true" duration-ms="9396" started-at="2020-12-21T19:23:05 IST" finished-at="2020-12-21T19:23:14 IST">
          <reporter-output>
          </reporter-output>
        </test-method> <!-- setup -->
        <test-method status="PASS" signature="loginTest()[pri:0, instance:com.AutomationFramework.testcases.demotest@53f65459]" name="loginTest" duration-ms="7912" started-at="2020-12-21T19:23:14 IST" finished-at="2020-12-21T19:23:22 IST">
          <reporter-output>
          </reporter-output>
        </test-method> <!-- loginTest -->
        <test-method status="PASS" signature="teardown()[pri:0, instance:com.AutomationFramework.testcases.demotest@53f65459]" name="teardown" is-config="true" duration-ms="1710" started-at="2020-12-21T19:23:22 IST" finished-at="2020-12-21T19:23:24 IST">
          <reporter-output>
          </reporter-output>
        </test-method> <!-- teardown -->
      </class> <!-- com.AutomationFramework.testcases.demotest -->
    </test> <!-- Default test -->
  </suite> <!-- Default suite -->
</testng-results>
